2003.05.14 16:17 B C:\Documents and Settings\gveen\Desktop\seeing\101.inc <-- veen.com /veen/greg/seeing 101.inc
2003.05.14 16:17 B C:\Documents and Settings\gveen\Desktop\seeing\102.inc <-- veen.com /veen/greg/seeing 102.inc
2003.05.14 16:17 B C:\Documents and Settings\gveen\Desktop\seeing\201.inc <-- veen.com /veen/greg/seeing 201.inc
2003.05.14 16:17 B C:\Documents and Settings\gveen\Desktop\seeing\202.inc <-- veen.com /veen/greg/seeing 202.inc
2003.05.14 16:17 B C:\Documents and Settings\gveen\Desktop\seeing\301.inc <-- veen.com /veen/greg/seeing 301.inc
2003.05.14 16:17 B C:\Documents and Settings\gveen\Desktop\seeing\302.inc <-- veen.com /veen/greg/seeing 302.inc
2003.05.14 16:17 B C:\Documents and Settings\gveen\Desktop\seeing\303.inc <-- veen.com /veen/greg/seeing 303.inc
2003.05.14 16:17 B C:\Documents and Settings\gveen\Desktop\seeing\304.inc <-- veen.com /veen/greg/seeing 304.inc
2003.05.14 16:17 B C:\Documents and Settings\gveen\Desktop\seeing\305.inc <-- veen.com /veen/greg/seeing 305.inc
2003.05.14 16:17 B C:\Documents and Settings\gveen\Desktop\seeing\401.inc <-- veen.com /veen/greg/seeing 401.inc
2003.05.14 16:17 B C:\Documents and Settings\gveen\Desktop\seeing\401_alt.inc <-- veen.com /veen/greg/seeing 401_alt.inc
2003.05.14 16:17 B C:\Documents and Settings\gveen\Desktop\seeing\500.inc <-- veen.com /veen/greg/seeing 500.inc
2003.05.14 16:17 B C:\Documents and Settings\gveen\Desktop\seeing\600.inc <-- veen.com /veen/greg/seeing 600.inc
2003.05.14 16:17 B C:\Documents and Settings\gveen\Desktop\seeing\blue.php <-- veen.com /veen/greg/seeing blue.php
2003.05.14 16:17 B C:\Documents and Settings\gveen\Desktop\seeing\content.inc <-- veen.com /veen/greg/seeing content.inc
2003.05.14 16:17 B C:\Documents and Settings\gveen\Desktop\seeing\green.php <-- veen.com /veen/greg/seeing green.php
2003.05.14 16:18 B C:\Documents and Settings\gveen\Desktop\seeing\index.html <-- veen.com /veen/greg/seeing index.html
2003.05.14 16:18 B C:\Documents and Settings\gveen\Desktop\seeing\main.php <-- veen.com /veen/greg/seeing main.php
2003.05.14 16:18 B C:\Documents and Settings\gveen\Desktop\seeing\puredesign.html <-- veen.com /veen/greg/seeing puredesign.html
2003.05.14 16:18 B C:\Documents and Settings\gveen\Desktop\seeing\red.php <-- veen.com /veen/greg/seeing red.php
2003.05.14 16:18 B C:\Documents and Settings\gveen\Desktop\seeing\Rescued document.doc <-- veen.com /veen/greg/seeing Rescued document.doc
2003.05.14 16:18 B C:\Documents and Settings\gveen\Desktop\seeing\seeing.doc <-- veen.com /veen/greg/seeing seeing.doc
2003.05.14 16:18 B C:\Documents and Settings\gveen\Desktop\seeing\style.css <-- veen.com /veen/greg/seeing style.css
2003.05.14 16:18 B C:\Documents and Settings\gveen\Desktop\seeing\titles.inc <-- veen.com /veen/greg/seeing titles.inc
2003.05.14 16:18 B C:\Documents and Settings\gveen\Desktop\seeing\yellow.php <-- veen.com /veen/greg/seeing yellow.php
2003.05.14 16:21 B C:\Documents and Settings\gveen\Desktop\seeing\101.inc --> veen.com /greg/seeing 101.inc
2003.05.14 16:21 B C:\Documents and Settings\gveen\Desktop\seeing\102.inc --> veen.com /greg/seeing 102.inc
2003.05.14 16:21 B C:\Documents and Settings\gveen\Desktop\seeing\201.inc --> veen.com /greg/seeing 201.inc
2003.05.14 16:21 B C:\Documents and Settings\gveen\Desktop\seeing\202.inc --> veen.com /greg/seeing 202.inc
2003.05.14 16:21 B C:\Documents and Settings\gveen\Desktop\seeing\301.inc --> veen.com /greg/seeing 301.inc
2003.05.14 16:21 B C:\Documents and Settings\gveen\Desktop\seeing\302.inc --> veen.com /greg/seeing 302.inc
2003.05.14 16:21 B C:\Documents and Settings\gveen\Desktop\seeing\303.inc --> veen.com /greg/seeing 303.inc
2003.05.14 16:21 B C:\Documents and Settings\gveen\Desktop\seeing\304.inc --> veen.com /greg/seeing 304.inc
2003.05.14 16:21 B C:\Documents and Settings\gveen\Desktop\seeing\305.inc --> veen.com /greg/seeing 305.inc
2003.05.14 16:21 B C:\Documents and Settings\gveen\Desktop\seeing\401.inc --> veen.com /greg/seeing 401.inc
2003.05.14 16:21 B C:\Documents and Settings\gveen\Desktop\seeing\401_alt.inc --> veen.com /greg/seeing 401_alt.inc
2003.05.14 16:21 B C:\Documents and Settings\gveen\Desktop\seeing\500.inc --> veen.com /greg/seeing 500.inc
2003.05.14 16:21 B C:\Documents and Settings\gveen\Desktop\seeing\600.inc --> veen.com /greg/seeing 600.inc
2003.05.14 16:21 B C:\Documents and Settings\gveen\Desktop\seeing\blue.php --> veen.com /greg/seeing blue.php
2003.05.14 16:21 B C:\Documents and Settings\gveen\Desktop\seeing\content.inc --> veen.com /greg/seeing content.inc
2003.05.14 16:21 B C:\Documents and Settings\gveen\Desktop\seeing\green.php --> veen.com /greg/seeing green.php
2003.05.14 16:21 B C:\Documents and Settings\gveen\Desktop\seeing\index.html --> veen.com /greg/seeing index.html
2003.05.14 16:21 B C:\Documents and Settings\gveen\Desktop\seeing\main.php --> veen.com /greg/seeing main.php
2003.05.14 16:21 B C:\Documents and Settings\gveen\Desktop\seeing\puredesign.html --> veen.com /greg/seeing puredesign.html
2003.05.14 16:21 B C:\Documents and Settings\gveen\Desktop\seeing\red.php --> veen.com /greg/seeing red.php
2003.05.14 16:21 B C:\Documents and Settings\gveen\Desktop\seeing\Rescued document.doc --> veen.com /greg/seeing Rescued document.doc
2003.05.14 16:21 B C:\Documents and Settings\gveen\Desktop\seeing\seeing.doc --> veen.com /greg/seeing seeing.doc
2003.05.14 16:21 B C:\Documents and Settings\gveen\Desktop\seeing\style.css --> veen.com /greg/seeing style.css
2003.05.14 16:21 B C:\Documents and Settings\gveen\Desktop\seeing\titles.inc --> veen.com /greg/seeing titles.inc
