Configuration file: _config.yml
To use retry middleware with Faraday v2.0+, install `faraday-retry` gem
            Source: /workspaces/veen.github.io
       Destination: /workspaces/veen.github.io/_site
 Incremental build: disabled. Enable with --incremental
      Generating... 
[33m   GitHub Metadata: No GitHub API authentication could be found. Some fields may be missing or have incorrect data.[0m
                    done in 1.62 seconds.
 Auto-regeneration: enabled for '/workspaces/veen.github.io'
LiveReload address: http://0.0.0.0:35729
    Server address: http://0.0.0.0:4000
  Server running... press ctrl-c to stop.
      Regenerating: 1 file(s) changed at 2025-11-14 15:55:32
                    .devcontainer/jekyll-serve.log
                    ...done in 1.007066933 seconds.
                    
      Regenerating: 1 file(s) changed at 2025-11-14 15:55:33
                    .devcontainer/jekyll-serve.log
                    ...done in 0.964215713 seconds.
                    
      Regenerating: 1 file(s) changed at 2025-11-14 15:55:35
                    .devcontainer/jekyll-serve.log
                    ...done in 0.918507717 seconds.
                    
      Regenerating: 1 file(s) changed at 2025-11-14 15:55:36
                    .devcontainer/jekyll-serve.log
                    ...done in 0.917542591 seconds.
                    
      Regenerating: 1 file(s) changed at 2025-11-14 15:55:37
                    .devcontainer/jekyll-serve.log
                    ...done in 0.962836748 seconds.
                    
      Regenerating: 1 file(s) changed at 2025-11-14 15:55:38
                    .devcontainer/jekyll-serve.log
                    ...done in 0.974261361 seconds.
                    
      Regenerating: 1 file(s) changed at 2025-11-14 15:55:39
                    .devcontainer/jekyll-serve.log
                    ...done in 0.967776797 seconds.
                    
      Regenerating: 1 file(s) changed at 2025-11-14 15:55:40
                    .devcontainer/jekyll-serve.log
                    ...done in 0.918346765 seconds.
                    
      Regenerating: 1 file(s) changed at 2025-11-14 15:55:41
                    .devcontainer/jekyll-serve.log
                    ...done in 0.919465693 seconds.
                    
      Regenerating: 1 file(s) changed at 2025-11-14 15:55:42
                    .devcontainer/jekyll-serve.log
                    ...done in 0.991430531 seconds.
                    
      Regenerating: 1 file(s) changed at 2025-11-14 15:55:43
                    .devcontainer/jekyll-serve.log
                    ...done in 0.983801622 seconds.
                    
      Regenerating: 1 file(s) changed at 2025-11-14 15:55:44
                    .devcontainer/jekyll-serve.log
                    ...done in 0.943772184 seconds.
                    
      Regenerating: 1 file(s) changed at 2025-11-14 15:55:45
                    .devcontainer/jekyll-serve.log
                    ...done in 1.004187657 seconds.
                    
      Regenerating: 1 file(s) changed at 2025-11-14 15:55:46
                    .devcontainer/jekyll-serve.log
                    ...done in 0.981205888 seconds.
                    
      Regenerating: 1 file(s) changed at 2025-11-14 15:55:47
                    .devcontainer/jekyll-serve.log
                    ...done in 0.939299639 seconds.
                    
      Regenerating: 1 file(s) changed at 2025-11-14 15:55:48
                    .devcontainer/jekyll-serve.log
                    ...done in 0.900674132 seconds.
                    
      Regenerating: 1 file(s) changed at 2025-11-14 15:55:49
                    .devcontainer/jekyll-serve.log
                    ...done in 0.88289254 seconds.
                    
      Regenerating: 1 file(s) changed at 2025-11-14 15:55:50
                    .devcontainer/jekyll-serve.log
                    ...done in 0.942573881 seconds.
                    
      Regenerating: 1 file(s) changed at 2025-11-14 15:55:51
                    .devcontainer/jekyll-serve.log
                    ...done in 0.904578296 seconds.
                    
      Regenerating: 1 file(s) changed at 2025-11-14 15:55:52
                    .devcontainer/jekyll-serve.log
                    ...done in 0.901323555 seconds.
                    
      Regenerating: 1 file(s) changed at 2025-11-14 15:55:53
                    .devcontainer/jekyll-serve.log
                    ...done in 0.925671255 seconds.
                    
      Regenerating: 1 file(s) changed at 2025-11-14 15:55:54
                    .devcontainer/jekyll-serve.log
                    ...done in 0.906999986 seconds.
                    
      Regenerating: 1 file(s) changed at 2025-11-14 15:55:55
                    .devcontainer/jekyll-serve.log
                    ...done in 0.901261388 seconds.
                    
      Regenerating: 1 file(s) changed at 2025-11-14 15:55:56
                    .devcontainer/jekyll-serve.log
                    ...done in 0.884232136 seconds.
                    
      Regenerating: 1 file(s) changed at 2025-11-14 15:55:57
                    .devcontainer/jekyll-serve.log
                    ...done in 0.887398293 seconds.
                    
      Regenerating: 1 file(s) changed at 2025-11-14 15:55:58
                    .devcontainer/jekyll-serve.log
                    ...done in 0.886811286 seconds.
                    
      Regenerating: 1 file(s) changed at 2025-11-14 15:55:59
                    .devcontainer/jekyll-serve.log
                    ...done in 0.965974779 seconds.
                    
